[TemplateParsing] Error in Lutra: [ERROR] Parsing stOTTR
[ERROR] Syntax error: no viable alternative at input 'foot:Footballer[ottr:bar?' at line 7 column 27
Location(s):
- File C:\Users\adria\AppData\Local\Temp\tmpvbfhgr3i.stottr


[TemplateParsing] Error in Lutra: [ERROR] Parsing stOTTR
[ERROR] Syntax error: no viable alternative at input 'foot:S[List<xsd:string>?dateOfBirth,??lastName,,' at line 7 column 53
Location(s):
- File C:\Users\adria\AppData\Local\Temp\tmp4wmmodh8.stottr


[TemplateParsing] Error in Lutra: [ERROR] Parsing stOTTR
[ERROR] Syntax error: no viable alternative at input 'foot:Footballer!' at line 7 column 15[ERROR] Syntax error: mismatched input ',' expecting '.' at line 7 column 72
Location(s):
- File C:\Users\adria\AppData\Local\Temp\tmp90q7qwkz.stottr

[INFO] Ignoring instance: ottr:Triple(?personIRI,foot:co. This parser accepts signatures, base templates and templates.
Location(s):
- File C:\Users\adria\AppData\Local\Temp\tmp90q7qwkz.stottr

[INFO] Ignoring instance: ottr:Triple(?personIRI,foot:po. This parser accepts signatures, base templates and templates.
Location(s):
- File C:\Users\adria\AppData\Local\Temp\tmp90q7qwkz.stottr


[TemplateParsing] Error in Lutra: [ERROR] Parsing stOTTR
[ERROR] Syntax error: extraneous input 'lYMdR' expecting {'}', ListExpander, IRIREF, PNAME_NS, PNAME_LN} at line 7 column 48
Location(s):
- File C:\Users\adria\AppData\Local\Temp\tmpltp1coar.stottr

[WARNING] Template http://example.org/football#p has an empty pattern. Instances of this template will yield an empty expansion result.
Location(s):
- Template with IRI 'http://example.org/football#p'
- Signature with IRI 'http://example.org/football#p'
- File C:\Users\adria\AppData\Local\Temp\tmpltp1coar.stottr


[TemplateParsing] Error in Lutra: [ERROR] Parsing stOTTR
[ERROR] Syntax error: no viable alternative at input 'foot:q[]{' at line 7 column 12[ERROR] Syntax error: mismatched input 'ptPbU' expecting '.' at line 7 column 66
Location(s):
- File C:\Users\adria\AppData\Local\Temp\tmp404fa831.stottr

[INFO] Ignoring instance: ottr:Triple(?personIRI,foaf:fa. This parser accepts signatures, base templates and templates.
Location(s):
- File C:\Users\adria\AppData\Local\Temp\tmp404fa831.stottr


[TemplateParsing] Error in Lutra: [ERROR] Parsing stOTTR
[ERROR] Syntax error: no viable alternative at input 'foot:Footballer[List<xsd:integer]' at line 7 column 35
Location(s):
- File C:\Users\adria\AppData\Local\Temp\tmpn01qq5bx.stottr


[TemplateParsing] Error in Lutra: [ERROR] Parsing stOTTR
[ERROR] Syntax error: no viable alternative at input 'foot:G[xsd:integer?country::' at line 7 column 30[ERROR] Syntax error: mismatched input ',' expecting '.' at line 7 column 74
Location(s):
- File C:\Users\adria\AppData\Local\Temp\tmp8ipk9xi3.stottr

[INFO] Ignoring instance: o-rdf:Type(?personIRI,foot:Foo. This parser accepts signatures, base templates and templates.
Location(s):
- File C:\Users\adria\AppData\Local\Temp\tmp8ipk9xi3.stottr


[TemplateParsing] Error in Lutra: [ERROR] Parsing stOTTR
[ERROR] Syntax error: no viable alternative at input 'foot:Footballer!' at line 7 column 15[ERROR] Syntax error: extraneous input '}' expecting '.' at line 7 column 96
Location(s):
- File C:\Users\adria\AppData\Local\Temp\tmpj27og0r1.stottr

[INFO] Ignoring instance: ottr:Triple(?personIRI,foaf:na. This parser accepts signatures, base templates and templates.
Location(s):
- File C:\Users\adria\AppData\Local\Temp\tmpj27og0r1.stottr


[TemplateParsing] Error in Lutra: [ERROR] Parsing stOTTR
[ERROR] Syntax error: no viable alternative at input 'foot:K' at line 8 column 0
Location(s):
- File C:\Users\adria\AppData\Local\Temp\tmpiz66cf15.stottr


[TemplateParsing] Error in Lutra: [ERROR] Parsing stOTTR
[ERROR] Syntax error: no viable alternative at input 'foot:Football' at line 7 column 10[ERROR] Syntax error: extraneous input '}' expecting '.' at line 7 column 87
Location(s):
- File C:\Users\adria\AppData\Local\Temp\tmp4o0tb7uj.stottr

[INFO] Ignoring instance: o-rdf:Type(?personIRI,foot:Foo. This parser accepts signatures, base templates and templates.
Location(s):
- File C:\Users\adria\AppData\Local\Temp\tmp4o0tb7uj.stottr


