2025-05-11 23:07:08,556 - INFO - Template 1 processed in 3.38 seconds
2025-05-11 23:07:08,557 - ERROR - Stderr: [ERROR] Parsing stOTTR
[ERROR] Syntax error: token recognition error at: '+)' at line 8 column 105[ERROR] Syntax error: no viable alternative at input 'foot:Footballer[?LUB<xsd:date>' at line 8 column 22[ERROR] Syntax error: mismatched input '@@' expecting '.' at line 8 column 61[ERROR] Syntax error: mismatched input '::' expecting '.' at line 8 column 81[ERROR] Syntax error: extraneous input '+.4' expecting {',', ')'} at line 8 column 102
Location(s):
- File C:\Users\adria\AppData\Local\Temp\tmpzz9dthyj.stottr

[INFO] Ignoring instance: zipMin|ottr:IRI(). This parser accepts signatures, base templates and templates.
Location(s):
- File C:\Users\adria\AppData\Local\Temp\tmpzz9dthyj.stottr

[INFO] Ignoring instance: foot:Template1(). This parser accepts signatures, base templates and templates.
Location(s):
- File C:\Users\adria\AppData\Local\Temp\tmpzz9dthyj.stottr

[INFO] Ignoring instance: o-rdf:Type(?M,2+.4}<missing '). This parser accepts signatures, base templates and templates.
Location(s):
- File C:\Users\adria\AppData\Local\Temp\tmpzz9dthyj.stottr


2025-05-11 23:07:08,559 - ERROR - Output: 
2025-05-11 23:07:08,559 - ERROR - Template 1: foot:Footballer [ ?LUB<xsd:date> ?C ] @@ zipMin | ottr:IRI() @@ foot:Template1() :: { o-rdf:Type(?M, 2+.4+) } .

2025-05-11 23:07:08,559 - ERROR - Error: [ERROR] Parsing stOTTR
[ERROR] Syntax error: token recognition error at: '+)' at line 8 column 105[ERROR] Syntax error: no viable alternative at input 'foot:Footballer[?LUB<xsd:date>' at line 8 column 22[ERROR] Syntax error: mismatched input '@@' expecting '.' at line 8 column 61[ERROR] Syntax error: mismatched input '::' expecting '.' at line 8 column 81[ERROR] Syntax error: extraneous input '+.4' expecting {',', ')'} at line 8 column 102
Location(s):
- File C:\Users\adria\AppData\Local\Temp\tmpzz9dthyj.stottr

[INFO] Ignoring instance: zipMin|ottr:IRI(). This parser accepts signatures, base templates and templates.
Location(s):
- File C:\Users\adria\AppData\Local\Temp\tmpzz9dthyj.stottr

[INFO] Ignoring instance: foot:Template1(). This parser accepts signatures, base templates and templates.
Location(s):
- File C:\Users\adria\AppData\Local\Temp\tmpzz9dthyj.stottr

[INFO] Ignoring instance: o-rdf:Type(?M,2+.4}<missing '). This parser accepts signatures, base templates and templates.
Location(s):
- File C:\Users\adria\AppData\Local\Temp\tmpzz9dthyj.stottr


2025-05-11 23:07:08,559 - ERROR - Output: 
2025-05-11 23:07:12,508 - INFO - Template 2 processed in 3.94 seconds
2025-05-11 23:07:12,508 - ERROR - Stderr: [WARNING] Unused parameter in template http://ns.ottr.xyz/0.4/IRI. The template has a parameter ?A : xsd:string (arg no. 1) which does not occur in the pattern of the template.

[FATAL] Illegal char <:> at index 4: http://example.org/football#Footballer

2025-05-11 23:07:12,508 - ERROR - Output: 
2025-05-11 23:07:12,509 - ERROR - Template 2: ottr:IRI [ ?!xsd:string ?A ]  :: { ottr:Triple(?Q, foot:Footballer, _:b2) , ottr:Triple(?f, foot:Template1, _:b2) , o-rdf:Type(?P, _:b2) } .

2025-05-11 23:07:12,509 - ERROR - Error: [WARNING] Unused parameter in template http://ns.ottr.xyz/0.4/IRI. The template has a parameter ?A : xsd:string (arg no. 1) which does not occur in the pattern of the template.

[FATAL] Illegal char <:> at index 4: http://example.org/football#Footballer

2025-05-11 23:07:12,509 - ERROR - Output: 
2025-05-11 23:07:16,098 - INFO - Template 3 processed in 3.59 seconds
2025-05-11 23:07:20,149 - INFO - Template 4 processed in 4.05 seconds
2025-05-11 23:07:20,150 - ERROR - Stderr: [WARNING] Unused parameter in template http://example.org/football#Template1. The template has a parameter ?K : rdfs:Datatype (arg no. 1) which does not occur in the pattern of the template.

[FATAL] Illegal char <:> at index 4: http://example.org/football#Footballer

2025-05-11 23:07:20,150 - ERROR - Output: 
2025-05-11 23:07:20,150 - ERROR - Template 4: foot:Template1 [ !rdfs:Datatype ?K ]  :: { o-rdf:Type(?r, _:b2) , ottr:Triple(?Z, foot:Footballer, _:b1) , o-rdf:Type(?q, _:b2) } .
2025-05-11 23:07:20,150 - ERROR - Error: [WARNING] Unused parameter in template http://example.org/football#Template1. The template has a parameter ?K : rdfs:Datatype (arg no. 1) which does not occur in the pattern of the template.

[FATAL] Illegal char <:> at index 4: http://example.org/football#Footballer

2025-05-11 23:07:20,150 - ERROR - Output: 
