2025-02-26 12:42:32,738 - ERROR - Instance 8 failed: [ERROR] Parsing stOTTR
[ERROR] Syntax error: token recognition error at: '\`' at line 7 column 19[ERROR] Syntax error: mismatched input '?' expecting {'[', '(', ')', 'none', '++', Variable, BooleanLiteral, String, IRIREF, PNAME_NS, PNAME_LN, BLANK_NODE_LABEL, INTEGER, DECIMAL, DOUBLE} at line 7 column 18[ERROR] Syntax error: token recognition error at: '%\n' at line 7 column 72
Location(s):
- File C:\Users\adria\AppData\Local\Temp\tmpcbzhinwv.stottr

[ERROR] Wrong number of arguments. Expected 5 arguments, but found 0 in instance: http://example.org/football#Club()
Location(s):
- Signature with IRI 'http://example.org/football#Club'
- File C:\Users\adria\AppData\Local\Temp\tmpcbzhinwv.stottr


2025-02-26 12:42:37,840 - ERROR - Instance 9 failed: [ERROR] Parsing stOTTR
[ERROR] Syntax error: token recognition error at: '\`' at line 7 column 19[ERROR] Syntax error: mismatched input '?' expecting {'[', '(', ')', 'none', '++', Variable, BooleanLiteral, String, IRIREF, PNAME_NS, PNAME_LN, BLANK_NODE_LABEL, INTEGER, DECIMAL, DOUBLE} at line 7 column 18[ERROR] Syntax error: token recognition error at: '%\n' at line 7 column 73
Location(s):
- File C:\Users\adria\AppData\Local\Temp\tmp_of7k27m.stottr

[ERROR] Wrong number of arguments. Expected 5 arguments, but found 0 in instance: http://example.org/football#Club()
Location(s):
- Signature with IRI 'http://example.org/football#Club'
- File C:\Users\adria\AppData\Local\Temp\tmp_of7k27m.stottr


2025-02-26 12:42:48,908 - ERROR - Instance 8 failed: [ERROR] Parsing stOTTR
[ERROR] Syntax error: token recognition error at: '\`' at line 7 column 19[ERROR] Syntax error: mismatched input '?' expecting {'[', '(', ')', 'none', '++', Variable, BooleanLiteral, String, IRIREF, PNAME_NS, PNAME_LN, BLANK_NODE_LABEL, INTEGER, DECIMAL, DOUBLE} at line 7 column 18[ERROR] Syntax error: token recognition error at: '%\n' at line 7 column 72
Location(s):
- File C:\Users\adria\AppData\Local\Temp\tmpapjnaytn.stottr

[ERROR] Wrong number of arguments. Expected 5 arguments, but found 0 in instance: http://example.org/football#Club()
Location(s):
- Signature with IRI 'http://example.org/football#Club'
- File C:\Users\adria\AppData\Local\Temp\tmpapjnaytn.stottr


2025-02-26 12:42:53,281 - ERROR - Instance 9 failed: [ERROR] Parsing stOTTR
[ERROR] Syntax error: token recognition error at: '\`' at line 7 column 19[ERROR] Syntax error: mismatched input '?' expecting {'[', '(', ')', 'none', '++', Variable, BooleanLiteral, String, IRIREF, PNAME_NS, PNAME_LN, BLANK_NODE_LABEL, INTEGER, DECIMAL, DOUBLE} at line 7 column 18[ERROR] Syntax error: token recognition error at: '%\n' at line 7 column 73
Location(s):
- File C:\Users\adria\AppData\Local\Temp\tmpia27lhan.stottr

[ERROR] Wrong number of arguments. Expected 5 arguments, but found 0 in instance: http://example.org/football#Club()
Location(s):
- Signature with IRI 'http://example.org/football#Club'
- File C:\Users\adria\AppData\Local\Temp\tmpia27lhan.stottr


2025-02-26 12:43:01,760 - ERROR - Instance 10 failed: [FATAL] Illegal char <:> at index 4: http://www.w3.org/2001/XMLSchema#gYear

2025-02-26 12:43:01,762 - ERROR - Fatal error at instance 10: [FATAL] Illegal char <:> at index 4: http://www.w3.org/2001/XMLSchema#gYear

